[0.014s] Invoking command in '/home/suke/chicken_ws/build/chicken_utils': CMAKE_PREFIX_PATH=${CMAKE_PREFIX_PATH}:/home/suke/chicken_ws/install/depth_anything_v2_ros2:/home/suke/ouxt_automation/robotx_ws/install/opencv_tests:/home/suke/ouxt_automation/robotx_ws/install/detic_onnx_ros2:/opt/ros/humble /usr/bin/cmake --build /home/suke/chicken_ws/build/chicken_utils -- -j20 -l20
[0.163s] [ 50%] [32mBuilding CXX object CMakeFiles/quaternion_utils.dir/src/quaternion_utils.cpp.o[0m
[0.164s] [01m[K/home/suke/chicken_ws/src/simulation/chicken_utils/src/quaternion_utils.cpp:1:10:[m[K [01;31m[Kfatal error: [m[Kchicken_utils/quaternion_utils.hpp: „Åù„ÅÆ„Çà„ÅÜ„Å™„Éï„Ç°„Ç§„É´„ÇÑ„Éá„Ç£„É¨„ÇØ„Éà„É™„ÅØ„ÅÇ„Çä„Åæ„Åõ„Çì
[0.164s]     1 | #include [01;31m[K"chicken_utils/quaternion_utils.hpp"[m[K
[0.164s]       |          [01;31m[K^~~~~~~~~~~~~~~~~~~~~~~~~~~~~~~~~~~~[m[K
[0.164s] compilation terminated.
[0.164s] gmake[2]: *** [CMakeFiles/quaternion_utils.dir/build.make:76: CMakeFiles/quaternion_utils.dir/src/quaternion_utils.cpp.o] „Ç®„É©„Éº 1
[0.164s] gmake[1]: *** [CMakeFiles/Makefile2:137: CMakeFiles/quaternion_utils.dir/all] „Ç®„É©„Éº 2
[0.164s] gmake: *** [Makefile:146: all] „Ç®„É©„Éº 2
[0.166s] Invoked command in '/home/suke/chicken_ws/build/chicken_utils' returned '2': CMAKE_PREFIX_PATH=${CMAKE_PREFIX_PATH}:/home/suke/chicken_ws/install/depth_anything_v2_ros2:/home/suke/ouxt_automation/robotx_ws/install/opencv_tests:/home/suke/ouxt_automation/robotx_ws/install/detic_onnx_ros2:/opt/ros/humble /usr/bin/cmake --build /home/suke/chicken_ws/build/chicken_utils -- -j20 -l20
