[0.486s] Invoking command in '/home/suke/chicken_core/build/dwa_ros2': CMAKE_PREFIX_PATH=${CMAKE_PREFIX_PATH}:/home/suke/ouxt_automation/robotx_ws/install/opencv_tests:/home/suke/ouxt_automation/robotx_ws/install/kalman_filter_localization:/home/suke/ouxt_automation/robotx_ws/install/detic_onnx_ros2:/opt/ros/humble /usr/bin/cmake --build /home/suke/chicken_core/build/dwa_ros2 -- -j20 -l20
[0.524s] [35m[1mConsolidate compiler generated dependencies of target dwa_ros2[0m
[0.538s] [ 33%] [32mBuilding CXX object CMakeFiles/dwa_ros2.dir/src/dwa_ros2.cpp.o[0m
[4.829s] In file included from [01m[K/home/suke/chicken_core/src/planning/dwa_ros2/include/dwa_ros2.hpp:20[m[K,
[4.829s]                  from [01m[K/home/suke/chicken_core/src/planning/dwa_ros2/src/dwa_ros2.cpp:2[m[K:
[4.829s] [01m[K/opt/ros/humble/include/tf2_geometry_msgs/tf2_geometry_msgs/tf2_geometry_msgs.h:35:2:[m[K [01;35m[Kwarning: [m[K#warning This header is obsolete, please include tf2_geometry_msgs/tf2_geometry_msgs.hpp instead [[01;35m[K-Wcpp[m[K]
[4.829s]    35 | #[01;35m[Kwarning[m[K This header is obsolete, please include tf2_geometry_msgs/tf2_geometry_msgs.hpp instead
[4.829s]       |  [01;35m[K^~~~~~~[m[K
[4.829s] In file included from [01m[K/home/suke/chicken_core/src/planning/dwa_ros2/src/dwa_ros2.cpp:2[m[K:
[4.829s] [01m[K/home/suke/chicken_core/src/planning/dwa_ros2/include/dwa_ros2.hpp:95:8:[m[K [01;31m[Kerror: [m[Kextra qualification â€˜[01m[Kdwa_ros2::DWA::[m[Kâ€™ on member â€˜[01m[Kdraw_pred_path[m[Kâ€™ [[01;31m[K-fpermissive[m[K]
[4.829s]    95 |   void [01;31m[KDWA[m[K::draw_pred_path(void);
[4.829s]       |        [01;31m[K^~~[m[K
[4.829s] [01m[K/home/suke/chicken_core/src/planning/dwa_ros2/include/dwa_ros2.hpp:103:21:[m[K [01;31m[Kerror: [m[Kâ€˜[01m[Kvisualization_msgs[m[Kâ€™ was not declared in this scope
[4.829s]   103 |   rclcpp::Publisher<[01;31m[Kvisualization_msgs[m[K::msg::MarkerArray>::SharedPtr vis_pred_path_pub_;
[4.829s]       |                     [01;31m[K^~~~~~~~~~~~~~~~~~[m[K
[4.829s] [01m[K/home/suke/chicken_core/src/planning/dwa_ros2/include/dwa_ros2.hpp:103:57:[m[K [01;31m[Kerror: [m[Ktemplate argument 1 is invalid
[4.829s]   103 |   rclcpp::Publisher<visualization_msgs::msg::MarkerArray[01;31m[K>[m[K::SharedPtr vis_pred_path_pub_;
[4.829s]       |                                                         [01;31m[K^[m[K
[4.829s] [01m[K/home/suke/chicken_core/src/planning/dwa_ros2/include/dwa_ros2.hpp:103:60:[m[K [01;31m[Kerror: [m[Kexpected â€˜[01m[K;[m[Kâ€™ at end of member declaration
[4.829s]   103 |   rclcpp::Publisher<visualization_msgs::msg::MarkerArray>::[01;31m[KSharedPtr[m[K vis_pred_path_pub_;
[4.829s]       |                                                            [01;31m[K^~~~~~~~~[m[K
[4.829s]       |                                                                     [32m[K;[m[K
[4.829s] [01m[K/home/suke/chicken_core/src/planning/dwa_ros2/include/dwa_ros2.hpp:103:70:[m[K [01;31m[Kerror: [m[Kâ€˜[01m[Kvis_pred_path_pub_[m[Kâ€™ does not name a type
[4.829s]   103 |   rclcpp::Publisher<visualization_msgs::msg::MarkerArray>::SharedPtr [01;31m[Kvis_pred_path_pub_[m[K;
[4.829s]       |                                                                      [01;31m[K^~~~~~~~~~~~~~~~~~[m[K
[4.829s] [01m[K/home/suke/chicken_core/src/planning/dwa_ros2/src/dwa_ros2.cpp:[m[K In member function â€˜[01m[Kvoid dwa_ros2::DWA::obstacleCallback(nav_msgs::msg::OccupancyGrid_<std::allocator<void> >::SharedPtr)[m[Kâ€™:
[4.829s] [01m[K/home/suke/chicken_core/src/planning/dwa_ros2/src/dwa_ros2.cpp:47:27:[m[K [01;35m[Kwarning: [m[Kcomparison of integer expressions of different signedness: â€˜[01m[Kint[m[Kâ€™ and â€˜[01m[Kstd::vector<signed char, std::allocator<signed char> >::size_type[m[Kâ€™ {aka â€˜[01m[Klong unsigned int[m[Kâ€™} [[01;35m[K-Wsign-compare[m[K]
[4.829s]    47 |         for (int i = 0; [01;35m[Ki < msg->data.size()[m[K; i++)
[4.829s]       |                         [01;35m[K~~^~~~~~~~~~~~~~~~~~[m[K
[4.830s] gmake[2]: *** [CMakeFiles/dwa_ros2.dir/build.make:90: CMakeFiles/dwa_ros2.dir/src/dwa_ros2.cpp.o] ã‚¨ãƒ©ãƒ¼ 1
[4.830s] gmake[1]: *** [CMakeFiles/Makefile2:137: CMakeFiles/dwa_ros2.dir/all] ã‚¨ãƒ©ãƒ¼ 2
[4.830s] gmake: *** [Makefile:146: all] ã‚¨ãƒ©ãƒ¼ 2
[4.832s] Invoked command in '/home/suke/chicken_core/build/dwa_ros2' returned '2': CMAKE_PREFIX_PATH=${CMAKE_PREFIX_PATH}:/home/suke/ouxt_automation/robotx_ws/install/opencv_tests:/home/suke/ouxt_automation/robotx_ws/install/kalman_filter_localization:/home/suke/ouxt_automation/robotx_ws/install/detic_onnx_ros2:/opt/ros/humble /usr/bin/cmake --build /home/suke/chicken_core/build/dwa_ros2 -- -j20 -l20
