[0.509s] Invoking command in '/home/suke/chicken_core/build/dwa_ros2': CMAKE_PREFIX_PATH=${CMAKE_PREFIX_PATH}:/home/suke/ouxt_automation/robotx_ws/install/opencv_tests:/home/suke/ouxt_automation/robotx_ws/install/kalman_filter_localization:/home/suke/ouxt_automation/robotx_ws/install/detic_onnx_ros2:/opt/ros/humble /usr/bin/cmake --build /home/suke/chicken_core/build/dwa_ros2 -- -j20 -l20
[0.545s] [35m[1mConsolidate compiler generated dependencies of target dwa_ros2[0m
[0.562s] [ 33%] [32mBuilding CXX object CMakeFiles/dwa_ros2.dir/src/dwa_ros2.cpp.o[0m
[4.776s] In file included from [01m[K/home/suke/chicken_core/src/planning/dwa_ros2/include/dwa_ros2.hpp:20[m[K,
[4.776s]                  from [01m[K/home/suke/chicken_core/src/planning/dwa_ros2/src/dwa_ros2.cpp:2[m[K:
[4.776s] [01m[K/opt/ros/humble/include/tf2_geometry_msgs/tf2_geometry_msgs/tf2_geometry_msgs.h:35:2:[m[K [01;35m[Kwarning: [m[K#warning This header is obsolete, please include tf2_geometry_msgs/tf2_geometry_msgs.hpp instead [[01;35m[K-Wcpp[m[K]
[4.776s]    35 | #[01;35m[Kwarning[m[K This header is obsolete, please include tf2_geometry_msgs/tf2_geometry_msgs.hpp instead
[4.776s]       |  [01;35m[K^~~~~~~[m[K
[4.776s] In file included from [01m[K/home/suke/chicken_core/src/planning/dwa_ros2/src/dwa_ros2.cpp:2[m[K:
[4.776s] [01m[K/home/suke/chicken_core/src/planning/dwa_ros2/include/dwa_ros2.hpp:95:8:[m[K [01;31m[Kerror: [m[Kextra qualification â€˜[01m[Kdwa_ros2::DWA::[m[Kâ€™ on member â€˜[01m[Kdraw_pred_path[m[Kâ€™ [[01;31m[K-fpermissive[m[K]
[4.776s]    95 |   void [01;31m[KDWA[m[K::draw_pred_path(void);
[4.776s]       |        [01;31m[K^~~[m[K
[4.776s] [01m[K/home/suke/chicken_core/src/planning/dwa_ros2/src/dwa_ros2.cpp:[m[K In member function â€˜[01m[Kvoid dwa_ros2::DWA::obstacleCallback(nav_msgs::msg::OccupancyGrid_<std::allocator<void> >::SharedPtr)[m[Kâ€™:
[4.776s] [01m[K/home/suke/chicken_core/src/planning/dwa_ros2/src/dwa_ros2.cpp:47:27:[m[K [01;35m[Kwarning: [m[Kcomparison of integer expressions of different signedness: â€˜[01m[Kint[m[Kâ€™ and â€˜[01m[Kstd::vector<signed char, std::allocator<signed char> >::size_type[m[Kâ€™ {aka â€˜[01m[Klong unsigned int[m[Kâ€™} [[01;35m[K-Wsign-compare[m[K]
[4.776s]    47 |         for (int i = 0; [01;35m[Ki < msg->data.size()[m[K; i++)
[4.776s]       |                         [01;35m[K~~^~~~~~~~~~~~~~~~~~[m[K
[4.777s] gmake[2]: *** [CMakeFiles/dwa_ros2.dir/build.make:90: CMakeFiles/dwa_ros2.dir/src/dwa_ros2.cpp.o] ã‚¨ãƒ©ãƒ¼ 1
[4.777s] gmake[1]: *** [CMakeFiles/Makefile2:137: CMakeFiles/dwa_ros2.dir/all] ã‚¨ãƒ©ãƒ¼ 2
[4.777s] gmake: *** [Makefile:146: all] ã‚¨ãƒ©ãƒ¼ 2
[4.779s] Invoked command in '/home/suke/chicken_core/build/dwa_ros2' returned '2': CMAKE_PREFIX_PATH=${CMAKE_PREFIX_PATH}:/home/suke/ouxt_automation/robotx_ws/install/opencv_tests:/home/suke/ouxt_automation/robotx_ws/install/kalman_filter_localization:/home/suke/ouxt_automation/robotx_ws/install/detic_onnx_ros2:/opt/ros/humble /usr/bin/cmake --build /home/suke/chicken_core/build/dwa_ros2 -- -j20 -l20
